This is pdfTeX, Version 3.1415926-1.40.10 (TeX Live 2009/Debian) (format=pdflatex 2013.10.27)  6 NOV 2013 13:35
entering extended mode
 %&-line parsing enabled.
**L2.tex
(./L2.tex
LaTeX2e <2009/09/24>
Babel <v3.8l> and hyphenation patterns for english, usenglishmax, dumylang, noh
yphenation, farsi, arabic, croatian, bulgarian, ukrainian, russian, czech, slov
ak, danish, dutch, finnish, french, basque, ngerman, german, german-x-2009-06-1
9, ngerman-x-2009-06-19, ibycus, monogreek, greek, ancientgreek, hungarian, san
skrit, italian, latin, latvian, lithuanian, mongolian2a, mongolian, bokmal, nyn
orsk, romanian, irish, coptic, serbian, turkish, welsh, esperanto, uppersorbian
, estonian, indonesian, interlingua, icelandic, kurmanji, slovenian, polish, po
rtuguese, spanish, galician, catalan, swedish, ukenglish, pinyin, loaded.
(/usr/share/texmf-texlive/tex/latex/base/article.cls
Document Class: article 2007/10/19 v1.4h Standard LaTeX document class
(/usr/share/texmf-texlive/tex/latex/base/size10.clo
File: size10.clo 2007/10/19 v1.4h Standard LaTeX file (size option)
)
\c@part=\count79
\c@section=\count80
\c@subsection=\count81
\c@subsubsection=\count82
\c@paragraph=\count83
\c@subparagraph=\count84
\c@figure=\count85
\c@table=\count86
\abovecaptionskip=\skip41
\belowcaptionskip=\skip42
\bibindent=\dimen102
)
(/usr/share/texmf-texlive/tex/latex/graphics/graphicx.sty
Package: graphicx 1999/02/16 v1.0f Enhanced LaTeX Graphics (DPC,SPQR)

(/usr/share/texmf-texlive/tex/latex/graphics/keyval.sty
Package: keyval 1999/03/16 v1.13 key=value parser (DPC)
\KV@toks@=\toks14
)
(/usr/share/texmf-texlive/tex/latex/graphics/graphics.sty
Package: graphics 2009/02/05 v1.0o Standard LaTeX Graphics (DPC,SPQR)

(/usr/share/texmf-texlive/tex/latex/graphics/trig.sty
Package: trig 1999/03/16 v1.09 sin cos tan (DPC)
)
(/etc/texmf/tex/latex/config/graphics.cfg
File: graphics.cfg 2009/08/28 v1.8 graphics configuration of TeX Live
)
Package graphics Info: Driver file: pdftex.def on input line 91.

(/usr/share/texmf-texlive/tex/latex/pdftex-def/pdftex.def
File: pdftex.def 2010/03/12 v0.04p Graphics/color for pdfTeX
\Gread@gobject=\count87
))
\Gin@req@height=\dimen103
\Gin@req@width=\dimen104
)
(/usr/share/texmf-texlive/tex/latex/graphics/color.sty
Package: color 2005/11/14 v1.0j Standard LaTeX Color (DPC)

(/etc/texmf/tex/latex/config/color.cfg
File: color.cfg 2007/01/18 v1.5 color configuration of teTeX/TeXLive
)
Package color Info: Driver file: pdftex.def on input line 130.
)
(/usr/share/texmf-texlive/tex/latex/ltxmisc/framed.sty
Package: framed 2007/10/04 v 0.95: framed or shaded text with page breaks
\fb@frw=\dimen105
\fb@frh=\dimen106
\FrameRule=\dimen107
\FrameSep=\dimen108
)
(/usr/share/texmf-texlive/tex/latex/base/alltt.sty
Package: alltt 1997/06/16 v2.0g defines alltt environment
)
(/usr/share/texmf-texlive/tex/latex/geometry/geometry.sty
Package: geometry 2008/12/21 v4.2 Page Geometry

(/usr/share/texmf-texlive/tex/generic/oberdiek/ifpdf.sty
Package: ifpdf 2009/04/10 v2.0 Provides the ifpdf switch (HO)
Package ifpdf Info: pdfTeX in pdf mode detected.
)
(/usr/share/texmf-texlive/tex/generic/oberdiek/ifvtex.sty
Package: ifvtex 2008/11/04 v1.4 Switches for detecting VTeX and its modes (HO)
Package ifvtex Info: VTeX not detected.
)
\Gm@cnth=\count88
\Gm@cntv=\count89
\c@Gm@tempcnt=\count90
\Gm@bindingoffset=\dimen109
\Gm@wd@mp=\dimen110
\Gm@odd@mp=\dimen111
\Gm@even@mp=\dimen112
\Gm@dimlist=\toks15

(/usr/share/texmf-texlive/tex/xelatex/xetexconfig/geometry.cfg))
(/usr/share/texmf-texlive/tex/latex/ltxmisc/parskip.sty
Package: parskip 2001/04/09 non-zero parskip adjustments
)
(/usr/share/texmf-texlive/tex/latex/upquote/upquote.sty
Package: upquote 2003/08/11 v1.1 Covington's upright-quote modification to verb
atim and verb

(/usr/share/texmf-texlive/tex/latex/base/textcomp.sty
Package: textcomp 2005/09/27 v1.99g Standard LaTeX package
Package textcomp Info: Sub-encoding information:
(textcomp)               5 = only ISO-Adobe without \textcurrency
(textcomp)               4 = 5 + \texteuro
(textcomp)               3 = 4 + \textohm
(textcomp)               2 = 3 + \textestimated + \textcurrency
(textcomp)               1 = TS1 - \textcircled - \t
(textcomp)               0 = TS1 (full)
(textcomp)             Font families with sub-encoding setting implement
(textcomp)             only a restricted character set as indicated.
(textcomp)             Family '?' is the default used for unknown fonts.
(textcomp)             See the documentation for details.
Package textcomp Info: Setting ? sub-encoding to TS1/1 on input line 71.

(/usr/share/texmf-texlive/tex/latex/base/ts1enc.def
File: ts1enc.def 2001/06/05 v3.0e (jk/car/fm) Standard LaTeX file
)
LaTeX Info: Redefining \oldstylenums on input line 266.
Package textcomp Info: Setting cmr sub-encoding to TS1/0 on input line 281.
Package textcomp Info: Setting cmss sub-encoding to TS1/0 on input line 282.
Package textcomp Info: Setting cmtt sub-encoding to TS1/0 on input line 283.
Package textcomp Info: Setting cmvtt sub-encoding to TS1/0 on input line 284.
Package textcomp Info: Setting cmbr sub-encoding to TS1/0 on input line 285.
Package textcomp Info: Setting cmtl sub-encoding to TS1/0 on input line 286.
Package textcomp Info: Setting ccr sub-encoding to TS1/0 on input line 287.
Package textcomp Info: Setting ptm sub-encoding to TS1/4 on input line 288.
Package textcomp Info: Setting pcr sub-encoding to TS1/4 on input line 289.
Package textcomp Info: Setting phv sub-encoding to TS1/4 on input line 290.
Package textcomp Info: Setting ppl sub-encoding to TS1/3 on input line 291.
Package textcomp Info: Setting pag sub-encoding to TS1/4 on input line 292.
Package textcomp Info: Setting pbk sub-encoding to TS1/4 on input line 293.
Package textcomp Info: Setting pnc sub-encoding to TS1/4 on input line 294.
Package textcomp Info: Setting pzc sub-encoding to TS1/4 on input line 295.
Package textcomp Info: Setting bch sub-encoding to TS1/4 on input line 296.
Package textcomp Info: Setting put sub-encoding to TS1/5 on input line 297.
Package textcomp Info: Setting uag sub-encoding to TS1/5 on input line 298.
Package textcomp Info: Setting ugq sub-encoding to TS1/5 on input line 299.
Package textcomp Info: Setting ul8 sub-encoding to TS1/4 on input line 300.
Package textcomp Info: Setting ul9 sub-encoding to TS1/4 on input line 301.
Package textcomp Info: Setting augie sub-encoding to TS1/5 on input line 302.
Package textcomp Info: Setting dayrom sub-encoding to TS1/3 on input line 303.
Package textcomp Info: Setting dayroms sub-encoding to TS1/3 on input line 304.

Package textcomp Info: Setting pxr sub-encoding to TS1/0 on input line 305.
Package textcomp Info: Setting pxss sub-encoding to TS1/0 on input line 306.
Package textcomp Info: Setting pxtt sub-encoding to TS1/0 on input line 307.
Package textcomp Info: Setting txr sub-encoding to TS1/0 on input line 308.
Package textcomp Info: Setting txss sub-encoding to TS1/0 on input line 309.
Package textcomp Info: Setting txtt sub-encoding to TS1/0 on input line 310.
Package textcomp Info: Setting futs sub-encoding to TS1/4 on input line 311.
Package textcomp Info: Setting futx sub-encoding to TS1/4 on input line 312.
Package textcomp Info: Setting futj sub-encoding to TS1/4 on input line 313.
Package textcomp Info: Setting hlh sub-encoding to TS1/3 on input line 314.
Package textcomp Info: Setting hls sub-encoding to TS1/3 on input line 315.
Package textcomp Info: Setting hlst sub-encoding to TS1/3 on input line 316.
Package textcomp Info: Setting hlct sub-encoding to TS1/5 on input line 317.
Package textcomp Info: Setting hlx sub-encoding to TS1/5 on input line 318.
Package textcomp Info: Setting hlce sub-encoding to TS1/5 on input line 319.
Package textcomp Info: Setting hlcn sub-encoding to TS1/5 on input line 320.
Package textcomp Info: Setting hlcw sub-encoding to TS1/5 on input line 321.
Package textcomp Info: Setting hlcf sub-encoding to TS1/5 on input line 322.
Package textcomp Info: Setting pplx sub-encoding to TS1/3 on input line 323.
Package textcomp Info: Setting pplj sub-encoding to TS1/3 on input line 324.
Package textcomp Info: Setting ptmx sub-encoding to TS1/4 on input line 325.
Package textcomp Info: Setting ptmj sub-encoding to TS1/4 on input line 326.
)) (./L2.aux)
\openout1 = `L2.aux'.

LaTeX Font Info:    Checking defaults for OML/cmm/m/it on input line 56.
LaTeX Font Info:    ... okay on input line 56.
LaTeX Font Info:    Checking defaults for T1/cmr/m/n on input line 56.
LaTeX Font Info:    ... okay on input line 56.
LaTeX Font Info:    Checking defaults for OT1/cmr/m/n on input line 56.
LaTeX Font Info:    ... okay on input line 56.
LaTeX Font Info:    Checking defaults for OMS/cmsy/m/n on input line 56.
LaTeX Font Info:    ... okay on input line 56.
LaTeX Font Info:    Checking defaults for OMX/cmex/m/n on input line 56.
LaTeX Font Info:    ... okay on input line 56.
LaTeX Font Info:    Checking defaults for U/cmr/m/n on input line 56.
LaTeX Font Info:    ... okay on input line 56.
LaTeX Font Info:    Checking defaults for TS1/cmr/m/n on input line 56.
LaTeX Font Info:    Try loading font information for TS1+cmr on input line 56.

(/usr/share/texmf-texlive/tex/latex/base/ts1cmr.fd
File: ts1cmr.fd 1999/05/25 v2.5h Standard LaTeX font definitions
)
LaTeX Font Info:    ... okay on input line 56.

(/usr/share/texmf-texlive/tex/context/base/supp-pdf.mkii
[Loading MPS to PDF converter (version 2006.09.02).]
\scratchcounter=\count91
\scratchdimen=\dimen113
\scratchbox=\box26
\nofMPsegments=\count92
\nofMParguments=\count93
\everyMPshowfont=\toks16
\MPscratchCnt=\count94
\MPscratchDim=\dimen114
\MPnumerator=\count95
\everyMPtoPDFconversion=\toks17
)
*geometry auto-detecting driver*
*geometry detected driver: pdftex*
-------------------- Geometry parameters
paper: class default
landscape: --
twocolumn: --
twoside: --
asymmetric: --
h-parts: 50.58878pt, 527.57123pt, 36.135pt
v-parts: 50.58878pt, 693.79243pt, 50.58878pt
hmarginratio: --
vmarginratio: --
lines: --
heightrounded: --
bindingoffset: 0.0pt
truedimen: --
includehead: --
includefoot: --
includemp: --
driver: pdftex
-------------------- Page layout dimensions and switches
\paperwidth  614.295pt
\paperheight 794.96999pt
\textwidth  527.57123pt
\textheight 693.79243pt
\oddsidemargin  -21.68121pt
\evensidemargin -21.68121pt
\topmargin  -58.68121pt
\headheight 12.0pt
\headsep    25.0pt
\footskip   30.0pt
\marginparwidth 65.0pt
\marginparsep   11.0pt
\columnsep  10.0pt
\skip\footins  9.0pt plus 4.0pt minus 2.0pt
\hoffset 0.0pt
\voffset 0.0pt
\mag 1000

(1in=72.27pt, 1cm=28.45pt)
-----------------------
LaTeX Font Info:    External font `cmex10' loaded for size
(Font)              <12> on input line 66.
LaTeX Font Info:    External font `cmex10' loaded for size
(Font)              <8> on input line 66.
LaTeX Font Info:    External font `cmex10' loaded for size
(Font)              <6> on input line 66.
Package color Info: Redefining color shadecolor on input line 71.
LaTeX Font Info:    Font shape `OT1/cmtt/bx/n' in size <10> not available
(Font)              Font shape `OT1/cmtt/m/n' tried instead on input line 73.

Overfull \hbox (4.41026pt too wide) in paragraph at lines 73--73
[][]\OT1/cmtt/m/n/10 require[][](deSolve)[]  []\OT1/cmtt/m/it/10 #For the deter
ministic solutions (also for initial and environmental stochasticity)[][] 
 []

LaTeX Font Info:    Try loading font information for TS1+cmtt on input line 74.

(/usr/share/texmf-texlive/tex/latex/base/ts1cmtt.fd
File: ts1cmtt.fd 1999/05/25 v2.5h Standard LaTeX font definitions
)
Package color Info: Redefining color shadecolor on input line 85.

<figure/RNG1.pdf, id=1, 505.89pt x 289.08pt>
File: figure/RNG1.pdf Graphic file (type pdf)
 <use figure/RNG1.pdf>
<figure/RNG2.pdf, id=2, 505.89pt x 289.08pt>
File: figure/RNG2.pdf Graphic file (type pdf)
 <use figure/RNG2.pdf> [1

{/var/lib/texmf/fonts/map/pdftex/updmap/pdftex.map} <./figure/RNG1.pdf> <./figu
re/RNG2.pdf>] <figure/RNG3.pdf, id=26, 505.89pt x 289.08pt>
File: figure/RNG3.pdf Graphic file (type pdf)
 <use figure/RNG3.pdf>
<figure/RNG4.pdf, id=27, 505.89pt x 289.08pt>
File: figure/RNG4.pdf Graphic file (type pdf)
 <use figure/RNG4.pdf> [2 <./figure/RNG3.pdf> <./figure/RNG4.pdf>]
Package color Info: Redefining color shadecolor on input line 126.
 <figure/bin1.pdf, id=43, 505.89pt x 289.08pt>
File: figure/bin1.pdf Graphic file (type pdf)

<use figure/bin1.pdf>
LaTeX Font Info:    Try loading font information for OMS+cmtt on input line 140
.
 (/usr/share/R/share/texmf/tex/latex/omscmtt.fd
File: omscmtt.fd 
)
LaTeX Font Info:    Font shape `OMS/cmtt/m/n' in size <10> not available
(Font)              Font shape `OMS/cmsy/m/n' tried instead on input line 140.

<figure/bin2.pdf, id=44, 505.89pt x 289.08pt>
File: figure/bin2.pdf Graphic file (type pdf)
 <use figure/bin2.pdf> [3 <./figure/bin1.pdf> <./figure/bin2.pdf>]
Package color Info: Redefining color shadecolor on input line 158.

<figure/time_step.pdf, id=61, 505.89pt x 289.08pt>
File: figure/time_step.pdf Graphic file (type pdf)
 <use figure/time_step.pdf>
[4 <./figure/time_step.pdf>]
Package color Info: Redefining color shadecolor on input line 194.
 <figure/seeds.pdf, id=71, 505.89pt x 289.08pt>
File: figure/seeds.pdf Graphic file (type pdf)

<use figure/seeds.pdf>
Package color Info: Redefining color shadecolor on input line 215.
 <figure/demographic.pdf, id=72, 505.89pt x 289.08pt>
File: figure/demographic.pdf Graphic file (type pdf)

<use figure/demographic.pdf> [5 <./figure/seeds.pdf>]
Package color Info: Redefining color shadecolor on input line 247.

<figure/environmental.pdf, id=82, 505.89pt x 289.08pt>
File: figure/environmental.pdf Graphic file (type pdf)

<use figure/environmental.pdf>
Package color Info: Redefining color shadecolor on input line 280.
 [6 <./figure/demographic.pdf> <./figure/environmental.pdf>] <figure/initial.pd
f, id=98, 505.89pt x 289.08pt>
File: figure/initial.pdf Graphic file (type pdf)

<use figure/initial.pdf>
Package color Info: Redefining color shadecolor on input line 309.
 <figure/within.pdf, id=99, 505.89pt x 289.08pt>
File: figure/within.pdf Graphic file (type pdf)

<use figure/within.pdf> [7 <./figure/initial.pdf>]
Package color Info: Redefining color shadecolor on input line 339.
Package color Info: Redefining color shadecolor on input line 356.

Overfull \hbox (7.9241pt too wide) in paragraph at lines 377--377
[][]\OT1/cmtt/m/n/10 ggplot[][]([][]data[] []= sim_out,[] []aes[][]([][]x[] []=
 Time,[] []y[] []= X,[] []colour[] []= Repetition))[] []+[] []geom_line[][]([][
]aes[][]([][]group[] []= Repetition))[][] 
 []

<figure/many1.png, id=110, 505.89pt x 289.08pt>
File: figure/many1.png Graphic file (type png)
 <use figure/many1.png> [8 <./figure/within.pdf>] <figure/many2.png, id=120, 50
5.89pt x 289.08pt>
File: figure/many2.png Graphic file (type png)

<use figure/many2.png>
Package color Info: Redefining color shadecolor on input line 403.
 [9 <./figure/many1.png (PNG copy)> <./figure/many2.png (PNG copy)>]
Package color Info: Redefining color shadecolor on input line 416.
Package color Info: Redefining color shadecolor on input line 429.
Package color Info: Redefining color shadecolor on input line 448.
 [10] <figure/Log_SI1.png, id=127, 505.89pt x 289.08pt>
File: figure/Log_SI1.png Graphic file (type png)

<use figure/Log_SI1.png> <figure/Log_SI2.png, id=128, 505.89pt x 289.08pt>
File: figure/Log_SI2.png Graphic file (type png)

<use figure/Log_SI2.png> [11 <./figure/Log_SI1.png (PNG copy)> <./figure/Log_SI
2.png (PNG copy)>] <figure/Log_SI3.png, id=132, 505.89pt x 289.08pt>
File: figure/Log_SI3.png Graphic file (type png)

<use figure/Log_SI3.png> <figure/Log_SI4.png, id=133, 505.89pt x 289.08pt>
File: figure/Log_SI4.png Graphic file (type png)

<use figure/Log_SI4.png> <figure/Log_SI5.png, id=134, 505.89pt x 289.08pt>
File: figure/Log_SI5.png Graphic file (type png)

<use figure/Log_SI5.png> [12 <./figure/Log_SI3.png (PNG copy)> <./figure/Log_SI
4.png (PNG copy)>]
Package color Info: Redefining color shadecolor on input line 535.
 [13 <./figure/Log_SI5.png (PNG copy)>] [14] (./L2.aux) ) 
Here is how much of TeX's memory you used:
 2001 strings out of 493848
 28682 string characters out of 1152822
 88461 words of memory out of 3000000
 5255 multiletter control sequences out of 15000+50000
 7617 words of font info for 28 fonts, out of 3000000 for 9000
 714 hyphenation exceptions out of 8191
 25i,6n,19p,369b,278s stack positions out of 5000i,500n,10000p,200000b,50000s
{/usr/share/texmf/font
s/enc/dvips/cm-super/cm-super-ts1.enc}</usr/share/texmf-texlive/fonts/type1/pub
lic/amsfonts/cm/cmbx10.pfb></usr/share/texmf-texlive/fonts/type1/public/amsfont
s/cm/cmitt10.pfb></usr/share/texmf-texlive/fonts/type1/public/amsfonts/cm/cmr10
.pfb></usr/share/texmf-texlive/fonts/type1/public/amsfonts/cm/cmr12.pfb></usr/s
hare/texmf-texlive/fonts/type1/public/amsfonts/cm/cmr17.pfb></usr/share/texmf-t
exlive/fonts/type1/public/amsfonts/cm/cmsy10.pfb></usr/share/texmf-texlive/font
s/type1/public/amsfonts/cm/cmtt10.pfb></usr/share/texmf/fonts/type1/public/cm-s
uper/sfit1000.pfb>
Output written on L2.pdf (14 pages, 1745586 bytes).
PDF statistics:
 173 PDF objects out of 1000 (max. 8388607)
 0 named destinations out of 1000 (max. 500000)
 96 words of extra memory for PDF output out of 10000 (max. 10000000)

